<?xml version="1.0" encoding="UTF-8"?>
<!-- Generated by org.testng.reporters.JUnitReportReporter -->
<testsuite skipped="0" hostname="LAPTOP-6B3V8HVN" name="Test.LoginTest" tests="1" failures="0" timestamp="30 Nov 2022 11:57:08 GMT" time="30.710" errors="0">
  <testcase name="cwapwa" time="30.710" classname="Test.LoginTest"/>
</testsuite> <!-- Test.LoginTest -->
