<?xml version="1.0" encoding="UTF-8"?>
<!-- Generated by org.testng.reporters.JUnitReportReporter -->
<testsuite skipped="0" hostname="DESKTOP-6JH0KJU" name="Test.AddEmployeeScrapingTest" tests="1" failures="0" timestamp="01 Jul 2021 11:36:10 GMT" time="10.925" errors="0">
  <testcase name="AddEmployeetoShiftWise" time="10.925" classname="Test.AddEmployeeScrapingTest"/>
</testsuite> <!-- Test.AddEmployeeScrapingTest -->
